<?xml version="1.0" encoding="UTF-8"?>
<testng-results skipped="0" failed="0" total="1" passed="1">
  <reporter-output>
    <line>
      <![CDATA[<span style='color: darkblue;font-size: 14px;'>SecuritySetUp Page Instantiated<br></span>]]>
    </line>
    <line>
      <![CDATA[<span style='color: darkblue;font-size: 14px;'><b>Executing Test Case : TC_01_ValidateAddRole</b><br></span>]]>
    </line>
    <line>
      <![CDATA[<span style='color: darkblue;font-size: 14px;'>Clicking On AddRole Button<br></span>]]>
    </line>
    <line>
      <![CDATA[<span style='color: darkblue;font-size: 14px;'>Entering Role Name. :RolenameNorberto8211<br></span>]]>
    </line>
    <line>
      <![CDATA[<span style='color: darkblue;font-size: 14px;'>Clicking On OK Button<br></span>]]>
    </line>
    <line>
      <![CDATA[<span style='color: darkblue;font-size: 14px;'>Entering Search Input. :RolenameNorberto8211<br></span>]]>
    </line>
    <line>
      <![CDATA[<span style='color: darkblue;font-size: 14px;'>Fetching Role Name.<br></span>]]>
    </line>
    <line>
      <![CDATA[<span style='color: green;font-size: 14px;'>Expected [ RolenameNorberto8211 ] : Actual [ RolenameNorberto8211 ]</span>]]>
    </line>
    <line>
      <![CDATA[
<br><a href="./Screenshot/1523258234921.png">ScreenShot : Validating Role NAME<br /><br/></a><br />]]>
    </line>
  </reporter-output>
  <suite name="Default suite" duration-ms="70205" started-at="2018-04-09T07:16:07Z" finished-at="2018-04-09T07:17:17Z">
    <groups>
    </groups>
    <test name="Default test" duration-ms="70205" started-at="2018-04-09T07:16:07Z" finished-at="2018-04-09T07:17:17Z">
      <class name="lm.rcx.tests.SmokeTest.TS_24_SecuritySetUp_AddRole">
        <test-method status="PASS" signature="beforeClass()[pri:0, instance:lm.rcx.tests.SmokeTest.TS_24_SecuritySetUp_AddRole@6fd02e5]" name="beforeClass" is-config="true" duration-ms="22513" started-at="2018-04-09T12:46:07Z" finished-at="2018-04-09T12:46:30Z">
          <reporter-output>
          </reporter-output>
        </test-method> <!-- beforeClass -->
        <test-method status="PASS" signature="beforeMethod()[pri:0, instance:lm.rcx.tests.SmokeTest.TS_24_SecuritySetUp_AddRole@6fd02e5]" name="beforeMethod" is-config="true" duration-ms="20907" started-at="2018-04-09T12:46:30Z" finished-at="2018-04-09T12:46:51Z">
          <reporter-output>
            <line>
              <![CDATA[<span style='color: darkblue;font-size: 14px;'>SecuritySetUp Page Instantiated<br></span>]]>
            </line>
          </reporter-output>
        </test-method> <!-- beforeMethod -->
        <test-method status="PASS" signature="TC_01_ValidateAddRole()[pri:0, instance:lm.rcx.tests.SmokeTest.TS_24_SecuritySetUp_AddRole@6fd02e5]" name="TC_01_ValidateAddRole" duration-ms="25169" started-at="2018-04-09T12:46:51Z" finished-at="2018-04-09T12:47:16Z">
          <reporter-output>
            <line>
              <![CDATA[<span style='color: darkblue;font-size: 14px;'><b>Executing Test Case : TC_01_ValidateAddRole</b><br></span>]]>
            </line>
            <line>
              <![CDATA[<span style='color: darkblue;font-size: 14px;'>Clicking On AddRole Button<br></span>]]>
            </line>
            <line>
              <![CDATA[<span style='color: darkblue;font-size: 14px;'>Entering Role Name. :RolenameNorberto8211<br></span>]]>
            </line>
            <line>
              <![CDATA[<span style='color: darkblue;font-size: 14px;'>Clicking On OK Button<br></span>]]>
            </line>
            <line>
              <![CDATA[<span style='color: darkblue;font-size: 14px;'>Entering Search Input. :RolenameNorberto8211<br></span>]]>
            </line>
            <line>
              <![CDATA[<span style='color: darkblue;font-size: 14px;'>Fetching Role Name.<br></span>]]>
            </line>
            <line>
              <![CDATA[<span style='color: green;font-size: 14px;'>Expected [ RolenameNorberto8211 ] : Actual [ RolenameNorberto8211 ]</span>]]>
            </line>
            <line>
              <![CDATA[
<br><a href="./Screenshot/1523258234921.png">ScreenShot : Validating Role NAME<br /><br/></a><br />]]>
            </line>
          </reporter-output>
        </test-method> <!-- TC_01_ValidateAddRole -->
        <test-method status="PASS" signature="afterMethod()[pri:0, instance:lm.rcx.tests.SmokeTest.TS_24_SecuritySetUp_AddRole@6fd02e5]" name="afterMethod" is-config="true" duration-ms="0" started-at="2018-04-09T12:47:16Z" finished-at="2018-04-09T12:47:16Z">
          <reporter-output>
          </reporter-output>
        </test-method> <!-- afterMethod -->
        <test-method status="PASS" signature="afterClass()[pri:0, instance:lm.rcx.tests.SmokeTest.TS_24_SecuritySetUp_AddRole@6fd02e5]" name="afterClass" is-config="true" duration-ms="1585" started-at="2018-04-09T12:47:16Z" finished-at="2018-04-09T12:47:17Z">
          <reporter-output>
          </reporter-output>
        </test-method> <!-- afterClass -->
      </class> <!-- lm.rcx.tests.SmokeTest.TS_24_SecuritySetUp_AddRole -->
    </test> <!-- Default test -->
  </suite> <!-- Default suite -->
</testng-results>
